<?xml version="1.0" encoding="UTF-8"?>
<testng-results ignored="0" total="1" passed="1" failed="0" skipped="0">
  <reporter-output>
  </reporter-output>
  <suite started-at="2024-07-04T19:30:18 IST" name="Default suite" finished-at="2024-07-04T19:30:42 IST" duration-ms="23571">
    <groups>
    </groups>
    <test started-at="2024-07-04T19:30:18 IST" name="Default test" finished-at="2024-07-04T19:30:42 IST" duration-ms="23571">
      <class name="selnium_package.AmazonScenario_Maven.TestCase05">
        <test-method signature="selectAddress()[pri:0, instance:selnium_package.AmazonScenario_Maven.TestCase05@56cdfb3b]" started-at="2024-07-04T19:30:18 IST" name="selectAddress" finished-at="2024-07-04T19:30:42 IST" duration-ms="23536" status="PASS">
          <reporter-output>
          </reporter-output>
        </test-method> <!-- selectAddress -->
      </class> <!-- selnium_package.AmazonScenario_Maven.TestCase05 -->
    </test> <!-- Default test -->
  </suite> <!-- Default suite -->
</testng-results>
