<?xml version="1.0" encoding="UTF-8"?>
<testng-results ignored="0" total="1" passed="1" failed="0" skipped="0">
  <reporter-output>
    <line>
      <![CDATA[test case passed]]>
    </line>
  </reporter-output>
  <suite started-at="2024-07-05T17:39:03 IST" name="Default suite" finished-at="2024-07-05T17:39:27 IST" duration-ms="23931">
    <groups>
    </groups>
    <test started-at="2024-07-05T17:39:03 IST" name="Default test" finished-at="2024-07-05T17:39:27 IST" duration-ms="23931">
      <class name="selnium_package.AmazonScenario_Maven.TestCase05">
        <test-method signature="selectAddress()[pri:0, instance:selnium_package.AmazonScenario_Maven.TestCase05@290222c1]" started-at="2024-07-05T17:39:03 IST" name="selectAddress" finished-at="2024-07-05T17:39:27 IST" duration-ms="23697" status="PASS">
          <reporter-output>
            <line>
              <![CDATA[test case passed]]>
            </line>
          </reporter-output>
        </test-method> <!-- selectAddress -->
      </class> <!-- selnium_package.AmazonScenario_Maven.TestCase05 -->
    </test> <!-- Default test -->
  </suite> <!-- Default suite -->
</testng-results>
